2021-06-14 12:08:21,679 - mmdet - INFO - Environment info:
------------------------------------------------------------
sys.platform: linux
Python: 3.6.10 |Anaconda, Inc.| (default, May  8 2020, 02:54:21) [GCC 7.3.0]
CUDA available: True
GPU 0,1: A100-SXM4-40GB
CUDA_HOME: /usr/local/cuda
NVCC: Build cuda_11.1.TC455_06.29069683_0
GCC: gcc (Ubuntu 7.5.0-3ubuntu1~18.04) 7.5.0
PyTorch: 1.8.0a0+17f8c32
PyTorch compiling details: PyTorch built with:
  - GCC 7.5
  - C++ Version: 201402
  - Intel(R) Math Kernel Library Version 2019.0.1 Product Build 20180928 for Intel(R) 64 architecture applications
  - Intel(R) MKL-DNN v1.6.0 (Git Hash N/A)
  - OpenMP 201511 (a.k.a. OpenMP 4.5)
  - NNPACK is enabled
  - CPU capability usage: AVX2
  - CUDA Runtime 11.1
  - NVCC architecture flags: -gencode;arch=compute_52,code=sm_52;-gencode;arch=compute_60,code=sm_60;-gencode;arch=compute_61,code=sm_61;-gencode;arch=compute_70,code=sm_70;-gencode;arch=compute_75,code=sm_75;-gencode;arch=compute_80,code=sm_80;-gencode;arch=compute_86,code=sm_86;-gencode;arch=compute_86,code=compute_86
  - CuDNN 8.0.4
  - Magma 2.5.2
  - Build settings: BLAS=MKL, BUILD_TYPE=Release, CXX_FLAGS= -fvisibility-inlines-hidden -DUSE_PTHREADPOOL -fopenmp -DNDEBUG -DUSE_FBGEMM -DUSE_QNNPACK -DUSE_PYTORCH_QNNPACK -DUSE_XNNPACK -DUSE_VULKAN_WRAPPER -O2 -fPIC -Wno-narrowing -Wall -Wextra -Werror=return-type -Wno-missing-field-initializers -Wno-type-limits -Wno-array-bounds -Wno-unknown-pragmas -Wno-sign-compare -Wno-unused-parameter -Wno-unused-variable -Wno-unused-function -Wno-unused-result -Wno-unused-local-typedefs -Wno-strict-overflow -Wno-strict-aliasing -Wno-error=deprecated-declarations -Wno-stringop-overflow -Wno-psabi -Wno-error=pedantic -Wno-error=redundant-decls -Wno-error=old-style-cast -fdiagnostics-color=always -faligned-new -Wno-unused-but-set-variable -Wno-maybe-uninitialized -fno-math-errno -fno-trapping-math -Werror=format -Wno-stringop-overflow, FORCE_FALLBACK_CUDA_MPI=1, PERF_WITH_AVX=1, PERF_WITH_AVX2=1, PERF_WITH_AVX512=1, USE_CUDA=ON, USE_EXCEPTION_PTR=1, USE_GFLAGS=OFF, USE_GLOG=OFF, USE_MKL=ON, USE_MKLDNN=ON, USE_MPI=ON, USE_NCCL=ON, USE_NNPACK=ON, USE_OPENMP=ON, 

TorchVision: 0.8.0a0
OpenCV: 4.5.1
MMCV: 1.2.7
MMCV Compiler: GCC 7.5
MMCV CUDA Compiler: 11.1
MMDetection: 2.10.0+
------------------------------------------------------------

2021-06-14 12:08:22,054 - mmdet - INFO - Distributed training: True
2021-06-14 12:08:22,323 - mmdet - INFO - Config:
seed = 1
percent = 1
times = 5
gpu = 2
img_norm_cfg = dict(
    mean=[123.675, 116.28, 103.53], std=[58.395, 57.12, 57.375], to_rgb=True)
train_pipeline = [
    dict(type='LoadImageFromFile'),
    dict(type='LoadAnnotations', with_bbox=True),
    dict(type='Resize', img_scale=[(1333, 500), (1333, 800)], keep_ratio=True),
    dict(type='RandomFlip', flip_ratio=0.5),
    dict(type='AugmentationSTAC'),
    dict(
        type='Normalize',
        mean=[123.675, 116.28, 103.53],
        std=[58.395, 57.12, 57.375],
        to_rgb=True),
    dict(type='Pad', size_divisor=32),
    dict(type='DefaultFormatBundle'),
    dict(type='Collect', keys=['img', 'gt_bboxes', 'gt_labels'])
]
test_pipeline = [
    dict(type='LoadImageFromFile'),
    dict(
        type='MultiScaleFlipAug',
        img_scale=(1333, 800),
        flip=False,
        transforms=[
            dict(type='Resize', keep_ratio=True),
            dict(type='RandomFlip'),
            dict(
                type='Normalize',
                mean=[123.675, 116.28, 103.53],
                std=[58.395, 57.12, 57.375],
                to_rgb=True),
            dict(type='Pad', size_divisor=32),
            dict(type='ImageToTensor', keys=['img']),
            dict(type='Collect', keys=['img'])
        ])
]
dataset_type = 'CocoDataset'
data_root = './dataset/coco/'
data = dict(
    samples_per_gpu=8,
    workers_per_gpu=4,
    train=dict(
        type='CocoDataset',
        ann_file=
        './dataset/coco/annotations/semi_supervised/instances_train2017.1@1.json',
        img_prefix='./dataset/coco/train2017/',
        pipeline=[
            dict(type='LoadImageFromFile'),
            dict(type='LoadAnnotations', with_bbox=True),
            dict(
                type='Resize',
                img_scale=[(1333, 500), (1333, 800)],
                keep_ratio=True),
            dict(type='RandomFlip', flip_ratio=0.5),
            dict(type='AugmentationSTAC'),
            dict(
                type='Normalize',
                mean=[123.675, 116.28, 103.53],
                std=[58.395, 57.12, 57.375],
                to_rgb=True),
            dict(type='Pad', size_divisor=32),
            dict(type='DefaultFormatBundle'),
            dict(type='Collect', keys=['img', 'gt_bboxes', 'gt_labels'])
        ]),
    val=dict(
        type='CocoDataset',
        ann_file='./dataset/coco/annotations/instances_val2017.json',
        img_prefix='./dataset/coco/val2017/',
        pipeline=[
            dict(type='LoadImageFromFile'),
            dict(
                type='MultiScaleFlipAug',
                img_scale=(1333, 800),
                flip=False,
                transforms=[
                    dict(type='Resize', keep_ratio=True),
                    dict(type='RandomFlip'),
                    dict(
                        type='Normalize',
                        mean=[123.675, 116.28, 103.53],
                        std=[58.395, 57.12, 57.375],
                        to_rgb=True),
                    dict(type='Pad', size_divisor=32),
                    dict(type='ImageToTensor', keys=['img']),
                    dict(type='Collect', keys=['img'])
                ])
        ]),
    test=dict(
        type='CocoDataset',
        ann_file='./dataset/coco/annotations/instances_val2017.json',
        img_prefix='./dataset/coco/val2017/',
        pipeline=[
            dict(type='LoadImageFromFile'),
            dict(
                type='MultiScaleFlipAug',
                img_scale=(1333, 800),
                flip=False,
                transforms=[
                    dict(type='Resize', keep_ratio=True),
                    dict(type='RandomFlip'),
                    dict(
                        type='Normalize',
                        mean=[123.675, 116.28, 103.53],
                        std=[58.395, 57.12, 57.375],
                        to_rgb=True),
                    dict(type='Pad', size_divisor=32),
                    dict(type='ImageToTensor', keys=['img']),
                    dict(type='Collect', keys=['img'])
                ])
        ]))
evaluation = dict(interval=5, metric='bbox')
learning_rate = 0.02
optimizer = dict(type='SGD', lr=0.02, momentum=0.9, weight_decay=0.0001)
optimizer_config = dict(grad_clip=None)
lr_config = dict(
    policy='step',
    warmup='linear',
    warmup_iters=500,
    warmup_ratio=0.001,
    step=[40, 55])
runner = dict(type='EpochBasedRunner', max_epochs=60)
checkpoint_config = dict(interval=60)
log_config = dict(interval=50, hooks=[dict(type='TextLoggerHook')])
custom_hooks = [dict(type='NumClassCheckHook')]
dist_params = dict(backend='nccl')
log_level = 'INFO'
load_from = None
resume_from = None
workflow = [('train', 1)]
model = dict(
    type='FasterRCNN',
    pretrained='./pretrained_model/convert/resnet50-19c8e357.pth',
    backbone=dict(
        type='ResNet',
        depth=50,
        num_stages=4,
        out_indices=(0, 1, 2, 3),
        frozen_stages=1,
        norm_cfg=dict(type='BN', requires_grad=True),
        norm_eval=True,
        style='pytorch'),
    neck=dict(
        type='FPN',
        in_channels=[256, 512, 1024, 2048],
        out_channels=256,
        num_outs=5),
    rpn_head=dict(
        type='RPNHead',
        in_channels=256,
        feat_channels=256,
        anchor_generator=dict(
            type='AnchorGenerator',
            scales=[8],
            ratios=[0.5, 1.0, 2.0],
            strides=[4, 8, 16, 32, 64]),
        bbox_coder=dict(
            type='DeltaXYWHBBoxCoder',
            target_means=[0.0, 0.0, 0.0, 0.0],
            target_stds=[1.0, 1.0, 1.0, 1.0]),
        loss_cls=dict(
            type='CrossEntropyLoss', use_sigmoid=True, loss_weight=1.0),
        loss_bbox=dict(type='L1Loss', loss_weight=1.0)),
    roi_head=dict(
        type='StandardRoIHead',
        bbox_roi_extractor=dict(
            type='SingleRoIExtractor',
            roi_layer=dict(type='RoIAlign', output_size=7, sampling_ratio=0),
            out_channels=256,
            featmap_strides=[4, 8, 16, 32]),
        bbox_head=dict(
            type='Shared2FCBBoxHead',
            in_channels=256,
            fc_out_channels=1024,
            roi_feat_size=7,
            num_classes=80,
            bbox_coder=dict(
                type='DeltaXYWHBBoxCoder',
                target_means=[0.0, 0.0, 0.0, 0.0],
                target_stds=[0.1, 0.1, 0.2, 0.2]),
            reg_class_agnostic=True,
            loss_cls=dict(
                type='CrossEntropyLoss', use_sigmoid=False, loss_weight=1.0),
            loss_bbox=dict(type='L1Loss', loss_weight=1.0))),
    train_cfg=dict(
        rpn=dict(
            assigner=dict(
                type='MaxIoUAssigner',
                pos_iou_thr=0.7,
                neg_iou_thr=0.3,
                min_pos_iou=0.3,
                match_low_quality=True,
                ignore_iof_thr=-1),
            sampler=dict(
                type='RandomSampler',
                num=256,
                pos_fraction=0.5,
                neg_pos_ub=-1,
                add_gt_as_proposals=False),
            allowed_border=-1,
            pos_weight=-1,
            debug=False),
        rpn_proposal=dict(
            nms_pre=2000,
            max_per_img=1000,
            nms=dict(type='nms', iou_threshold=0.7),
            min_bbox_size=0),
        rcnn=dict(
            assigner=dict(
                type='MaxIoUAssigner',
                pos_iou_thr=0.5,
                neg_iou_thr=0.5,
                min_pos_iou=0.5,
                match_low_quality=False,
                ignore_iof_thr=-1),
            sampler=dict(
                type='RandomSampler',
                num=512,
                pos_fraction=0.25,
                neg_pos_ub=-1,
                add_gt_as_proposals=True),
            pos_weight=-1,
            debug=False)),
    test_cfg=dict(
        rpn=dict(
            nms_pre=1000,
            max_per_img=1000,
            nms=dict(type='nms', iou_threshold=0.7),
            min_bbox_size=0),
        rcnn=dict(
            score_thr=0.05,
            nms=dict(type='nms', iou_threshold=0.5),
            max_per_img=100)))
work_dir = './work_dirs/baseline_agnostic_aug_template_5x_1_1_2'
gpu_ids = range(0, 2)

2021-06-14 12:08:22,639 - mmdet - INFO - load model from: ./pretrained_model/convert/resnet50-19c8e357.pth
2021-06-14 12:08:22,639 - mmdet - INFO - Use load_from_local loader
2021-06-14 12:08:22,860 - mmdet - WARNING - The model and loaded state dict do not match exactly

unexpected key in source state_dict: fc.weight, fc.bias

2021-06-14 12:08:23,992 - mmdet - INFO - Start running, host: root@train-ag-aug-1-1-0, work_dir: /data1/mmdet_hik/work_dirs/baseline_agnostic_aug_template_5x_1_1_2
2021-06-14 12:08:23,993 - mmdet - INFO - workflow: [('train', 1)], max: 60 epochs
2021-06-14 12:08:56,875 - mmdet - INFO - Epoch [1][50/74]	lr: 1.978e-03, eta: 0:48:03, time: 0.657, data_time: 0.262, memory: 12495, loss_rpn_cls: 0.4777, loss_rpn_bbox: 0.0951, loss_cls: 2.0849, acc: 84.7041, loss_bbox: 0.0786, loss: 2.7363
2021-06-14 12:09:38,138 - mmdet - INFO - Epoch [2][50/74]	lr: 4.935e-03, eta: 0:37:28, time: 0.635, data_time: 0.281, memory: 12495, loss_rpn_cls: 0.1917, loss_rpn_bbox: 0.0815, loss_cls: 1.1919, acc: 94.7039, loss_bbox: 0.1693, loss: 1.6343
2021-06-14 12:10:19,588 - mmdet - INFO - Epoch [3][50/74]	lr: 7.892e-03, eta: 0:34:24, time: 0.635, data_time: 0.285, memory: 12495, loss_rpn_cls: 0.1640, loss_rpn_bbox: 0.0835, loss_cls: 0.4466, acc: 93.4922, loss_bbox: 0.2185, loss: 0.9127
2021-06-14 12:11:02,125 - mmdet - INFO - Epoch [4][50/74]	lr: 1.085e-02, eta: 0:32:58, time: 0.655, data_time: 0.289, memory: 12495, loss_rpn_cls: 0.1421, loss_rpn_bbox: 0.0860, loss_cls: 0.5055, acc: 91.7153, loss_bbox: 0.2970, loss: 1.0305
2021-06-14 12:11:43,645 - mmdet - INFO - Epoch [5][50/74]	lr: 1.381e-02, eta: 0:31:45, time: 0.638, data_time: 0.289, memory: 12495, loss_rpn_cls: 0.1286, loss_rpn_bbox: 0.0816, loss_cls: 0.5371, acc: 90.8352, loss_bbox: 0.3179, loss: 1.0652
2021-06-14 12:13:31,397 - mmdet - INFO - Evaluating bbox...
2021-06-14 12:13:55,945 - mmdet - INFO - Exp name: baseline_agnostic_aug_template_5x_1_1_2.py
2021-06-14 12:13:55,946 - mmdet - INFO - Epoch(val) [5][74]	bbox_mAP: 0.0010, bbox_mAP_50: 0.0040, bbox_mAP_75: 0.0000, bbox_mAP_s: 0.0010, bbox_mAP_m: 0.0010, bbox_mAP_l: 0.0010, bbox_mAP_copypaste: 0.001 0.004 0.000 0.001 0.001 0.001
2021-06-14 12:14:27,398 - mmdet - INFO - Epoch [6][50/74]	lr: 1.676e-02, eta: 0:30:41, time: 0.628, data_time: 0.275, memory: 12495, loss_rpn_cls: 0.1201, loss_rpn_bbox: 0.0744, loss_cls: 0.5317, acc: 90.6575, loss_bbox: 0.3228, loss: 1.0490
2021-06-14 12:15:09,358 - mmdet - INFO - Epoch [7][50/74]	lr: 1.972e-02, eta: 0:29:54, time: 0.644, data_time: 0.284, memory: 12495, loss_rpn_cls: 0.1128, loss_rpn_bbox: 0.0786, loss_cls: 0.5604, acc: 89.7209, loss_bbox: 0.3497, loss: 1.1015
2021-06-14 12:15:51,472 - mmdet - INFO - Epoch [8][50/74]	lr: 2.000e-02, eta: 0:29:13, time: 0.651, data_time: 0.287, memory: 12495, loss_rpn_cls: 0.1081, loss_rpn_bbox: 0.0762, loss_cls: 0.5158, acc: 90.2427, loss_bbox: 0.3305, loss: 1.0306
2021-06-14 12:16:33,062 - mmdet - INFO - Epoch [9][50/74]	lr: 2.000e-02, eta: 0:28:30, time: 0.639, data_time: 0.288, memory: 12495, loss_rpn_cls: 0.1048, loss_rpn_bbox: 0.0744, loss_cls: 0.5232, acc: 89.6926, loss_bbox: 0.3498, loss: 1.0522
2021-06-14 12:17:14,627 - mmdet - INFO - Epoch [10][50/74]	lr: 2.000e-02, eta: 0:27:50, time: 0.640, data_time: 0.286, memory: 12496, loss_rpn_cls: 0.0975, loss_rpn_bbox: 0.0742, loss_cls: 0.5140, acc: 89.3855, loss_bbox: 0.3628, loss: 1.0485
2021-06-14 12:19:03,321 - mmdet - INFO - Evaluating bbox...
2021-06-14 12:19:48,917 - mmdet - INFO - Exp name: baseline_agnostic_aug_template_5x_1_1_2.py
2021-06-14 12:19:48,918 - mmdet - INFO - Epoch(val) [10][74]	bbox_mAP: 0.0130, bbox_mAP_50: 0.0320, bbox_mAP_75: 0.0070, bbox_mAP_s: 0.0090, bbox_mAP_m: 0.0170, bbox_mAP_l: 0.0100, bbox_mAP_copypaste: 0.013 0.032 0.007 0.009 0.017 0.010
2021-06-14 12:20:21,356 - mmdet - INFO - Epoch [11][50/74]	lr: 2.000e-02, eta: 0:27:13, time: 0.648, data_time: 0.298, memory: 12496, loss_rpn_cls: 0.0949, loss_rpn_bbox: 0.0737, loss_cls: 0.4749, acc: 89.7610, loss_bbox: 0.3472, loss: 0.9907
2021-06-14 12:21:03,468 - mmdet - INFO - Epoch [12][50/74]	lr: 2.000e-02, eta: 0:26:37, time: 0.647, data_time: 0.283, memory: 12496, loss_rpn_cls: 0.0879, loss_rpn_bbox: 0.0686, loss_cls: 0.4560, acc: 89.8904, loss_bbox: 0.3439, loss: 0.9565
2021-06-14 12:21:45,250 - mmdet - INFO - Epoch [13][50/74]	lr: 2.000e-02, eta: 0:26:00, time: 0.642, data_time: 0.290, memory: 12496, loss_rpn_cls: 0.0891, loss_rpn_bbox: 0.0690, loss_cls: 0.4531, acc: 89.8823, loss_bbox: 0.3376, loss: 0.9489
2021-06-14 12:22:27,380 - mmdet - INFO - Epoch [14][50/74]	lr: 2.000e-02, eta: 0:25:25, time: 0.647, data_time: 0.297, memory: 12496, loss_rpn_cls: 0.0804, loss_rpn_bbox: 0.0700, loss_cls: 0.4369, acc: 89.5847, loss_bbox: 0.3510, loss: 0.9384
2021-06-14 12:23:08,996 - mmdet - INFO - Epoch [15][50/74]	lr: 2.000e-02, eta: 0:24:49, time: 0.639, data_time: 0.282, memory: 12496, loss_rpn_cls: 0.0774, loss_rpn_bbox: 0.0674, loss_cls: 0.4345, acc: 89.6448, loss_bbox: 0.3475, loss: 0.9268
2021-06-14 12:24:59,723 - mmdet - INFO - Evaluating bbox...
2021-06-14 12:25:51,746 - mmdet - INFO - Exp name: baseline_agnostic_aug_template_5x_1_1_2.py
2021-06-14 12:25:51,747 - mmdet - INFO - Epoch(val) [15][74]	bbox_mAP: 0.0350, bbox_mAP_50: 0.0930, bbox_mAP_75: 0.0190, bbox_mAP_s: 0.0200, bbox_mAP_m: 0.0440, bbox_mAP_l: 0.0390, bbox_mAP_copypaste: 0.035 0.093 0.019 0.020 0.044 0.039
2021-06-14 12:26:23,268 - mmdet - INFO - Epoch [16][50/74]	lr: 2.000e-02, eta: 0:24:12, time: 0.629, data_time: 0.278, memory: 12496, loss_rpn_cls: 0.0805, loss_rpn_bbox: 0.0667, loss_cls: 0.4184, acc: 89.7063, loss_bbox: 0.3535, loss: 0.9192
2021-06-14 12:27:05,698 - mmdet - INFO - Epoch [17][50/74]	lr: 2.000e-02, eta: 0:23:39, time: 0.654, data_time: 0.296, memory: 12496, loss_rpn_cls: 0.0781, loss_rpn_bbox: 0.0682, loss_cls: 0.3902, acc: 90.0220, loss_bbox: 0.3435, loss: 0.8800
2021-06-14 12:27:47,458 - mmdet - INFO - Epoch [18][50/74]	lr: 2.000e-02, eta: 0:23:05, time: 0.640, data_time: 0.292, memory: 12496, loss_rpn_cls: 0.0731, loss_rpn_bbox: 0.0680, loss_cls: 0.3852, acc: 89.8623, loss_bbox: 0.3450, loss: 0.8712
2021-06-14 12:28:28,463 - mmdet - INFO - Epoch [19][50/74]	lr: 2.000e-02, eta: 0:22:29, time: 0.627, data_time: 0.281, memory: 12496, loss_rpn_cls: 0.0742, loss_rpn_bbox: 0.0679, loss_cls: 0.3846, acc: 89.8677, loss_bbox: 0.3466, loss: 0.8733
2021-06-14 12:29:09,085 - mmdet - INFO - Epoch [20][50/74]	lr: 2.000e-02, eta: 0:21:54, time: 0.627, data_time: 0.271, memory: 12496, loss_rpn_cls: 0.0727, loss_rpn_bbox: 0.0668, loss_cls: 0.3806, acc: 89.6677, loss_bbox: 0.3590, loss: 0.8791
2021-06-14 12:30:58,834 - mmdet - INFO - Evaluating bbox...
2021-06-14 12:31:45,091 - mmdet - INFO - Exp name: baseline_agnostic_aug_template_5x_1_1_2.py
2021-06-14 12:31:45,091 - mmdet - INFO - Epoch(val) [20][74]	bbox_mAP: 0.0510, bbox_mAP_50: 0.1310, bbox_mAP_75: 0.0280, bbox_mAP_s: 0.0320, bbox_mAP_m: 0.0640, bbox_mAP_l: 0.0550, bbox_mAP_copypaste: 0.051 0.131 0.028 0.032 0.064 0.055
2021-06-14 12:32:17,543 - mmdet - INFO - Epoch [21][50/74]	lr: 2.000e-02, eta: 0:21:21, time: 0.648, data_time: 0.294, memory: 12496, loss_rpn_cls: 0.0680, loss_rpn_bbox: 0.0674, loss_cls: 0.3585, acc: 90.0269, loss_bbox: 0.3555, loss: 0.8494
2021-06-14 12:32:59,156 - mmdet - INFO - Epoch [22][50/74]	lr: 2.000e-02, eta: 0:20:47, time: 0.637, data_time: 0.283, memory: 12496, loss_rpn_cls: 0.0661, loss_rpn_bbox: 0.0672, loss_cls: 0.3601, acc: 89.8845, loss_bbox: 0.3507, loss: 0.8441
2021-06-14 12:33:40,238 - mmdet - INFO - Epoch [23][50/74]	lr: 2.000e-02, eta: 0:20:13, time: 0.631, data_time: 0.286, memory: 12496, loss_rpn_cls: 0.0657, loss_rpn_bbox: 0.0677, loss_cls: 0.3499, acc: 89.9954, loss_bbox: 0.3559, loss: 0.8393
2021-06-14 12:34:22,082 - mmdet - INFO - Epoch [24][50/74]	lr: 2.000e-02, eta: 0:19:40, time: 0.643, data_time: 0.295, memory: 12496, loss_rpn_cls: 0.0636, loss_rpn_bbox: 0.0627, loss_cls: 0.3392, acc: 90.4790, loss_bbox: 0.3348, loss: 0.8004
2021-06-14 12:35:04,319 - mmdet - INFO - Epoch [25][50/74]	lr: 2.000e-02, eta: 0:19:07, time: 0.650, data_time: 0.285, memory: 12496, loss_rpn_cls: 0.0628, loss_rpn_bbox: 0.0654, loss_cls: 0.3370, acc: 90.2568, loss_bbox: 0.3471, loss: 0.8123
2021-06-14 12:36:53,806 - mmdet - INFO - Evaluating bbox...
2021-06-14 12:37:38,817 - mmdet - INFO - Exp name: baseline_agnostic_aug_template_5x_1_1_2.py
2021-06-14 12:37:38,818 - mmdet - INFO - Epoch(val) [25][74]	bbox_mAP: 0.0660, bbox_mAP_50: 0.1750, bbox_mAP_75: 0.0350, bbox_mAP_s: 0.0360, bbox_mAP_m: 0.0810, bbox_mAP_l: 0.0750, bbox_mAP_copypaste: 0.066 0.175 0.035 0.036 0.081 0.075
2021-06-14 12:38:10,054 - mmdet - INFO - Epoch [26][50/74]	lr: 2.000e-02, eta: 0:18:33, time: 0.624, data_time: 0.282, memory: 12496, loss_rpn_cls: 0.0603, loss_rpn_bbox: 0.0632, loss_cls: 0.3185, acc: 90.4902, loss_bbox: 0.3431, loss: 0.7852
2021-06-14 12:38:50,988 - mmdet - INFO - Epoch [27][50/74]	lr: 2.000e-02, eta: 0:17:59, time: 0.633, data_time: 0.284, memory: 12496, loss_rpn_cls: 0.0601, loss_rpn_bbox: 0.0656, loss_cls: 0.3078, acc: 90.7922, loss_bbox: 0.3394, loss: 0.7730
2021-06-14 12:39:32,360 - mmdet - INFO - Epoch [28][50/74]	lr: 2.000e-02, eta: 0:17:26, time: 0.636, data_time: 0.284, memory: 12496, loss_rpn_cls: 0.0659, loss_rpn_bbox: 0.0642, loss_cls: 0.3030, acc: 90.9341, loss_bbox: 0.3344, loss: 0.7675
2021-06-14 12:40:14,606 - mmdet - INFO - Epoch [29][50/74]	lr: 2.000e-02, eta: 0:16:54, time: 0.649, data_time: 0.291, memory: 12496, loss_rpn_cls: 0.0568, loss_rpn_bbox: 0.0625, loss_cls: 0.3149, acc: 90.3379, loss_bbox: 0.3566, loss: 0.7908
2021-06-14 12:40:57,439 - mmdet - INFO - Epoch [30][50/74]	lr: 2.000e-02, eta: 0:16:22, time: 0.661, data_time: 0.303, memory: 12496, loss_rpn_cls: 0.0644, loss_rpn_bbox: 0.0678, loss_cls: 0.3152, acc: 90.3330, loss_bbox: 0.3617, loss: 0.8091
2021-06-14 12:42:41,790 - mmdet - INFO - Evaluating bbox...
2021-06-14 12:43:24,245 - mmdet - INFO - Exp name: baseline_agnostic_aug_template_5x_1_1_2.py
2021-06-14 12:43:24,246 - mmdet - INFO - Epoch(val) [30][74]	bbox_mAP: 0.0800, bbox_mAP_50: 0.1890, bbox_mAP_75: 0.0530, bbox_mAP_s: 0.0430, bbox_mAP_m: 0.0970, bbox_mAP_l: 0.0940, bbox_mAP_copypaste: 0.080 0.189 0.053 0.043 0.097 0.094
2021-06-14 12:43:55,951 - mmdet - INFO - Epoch [31][50/74]	lr: 2.000e-02, eta: 0:15:49, time: 0.633, data_time: 0.285, memory: 12496, loss_rpn_cls: 0.0558, loss_rpn_bbox: 0.0629, loss_cls: 0.2919, acc: 90.7561, loss_bbox: 0.3423, loss: 0.7529
2021-06-14 12:44:37,827 - mmdet - INFO - Epoch [32][50/74]	lr: 2.000e-02, eta: 0:15:17, time: 0.645, data_time: 0.292, memory: 12496, loss_rpn_cls: 0.0545, loss_rpn_bbox: 0.0637, loss_cls: 0.2869, acc: 90.9690, loss_bbox: 0.3406, loss: 0.7458
2021-06-14 12:45:19,908 - mmdet - INFO - Epoch [33][50/74]	lr: 2.000e-02, eta: 0:14:44, time: 0.650, data_time: 0.293, memory: 12496, loss_rpn_cls: 0.0564, loss_rpn_bbox: 0.0615, loss_cls: 0.2744, acc: 91.2825, loss_bbox: 0.3320, loss: 0.7242
2021-06-14 12:46:02,078 - mmdet - INFO - Epoch [34][50/74]	lr: 2.000e-02, eta: 0:14:12, time: 0.645, data_time: 0.293, memory: 12496, loss_rpn_cls: 0.0531, loss_rpn_bbox: 0.0579, loss_cls: 0.2920, acc: 90.9573, loss_bbox: 0.3307, loss: 0.7338
2021-06-14 12:46:44,053 - mmdet - INFO - Epoch [35][50/74]	lr: 2.000e-02, eta: 0:13:39, time: 0.646, data_time: 0.288, memory: 12496, loss_rpn_cls: 0.0521, loss_rpn_bbox: 0.0648, loss_cls: 0.2882, acc: 90.7275, loss_bbox: 0.3494, loss: 0.7546
2021-06-14 12:48:31,294 - mmdet - INFO - Evaluating bbox...
2021-06-14 12:49:13,332 - mmdet - INFO - Exp name: baseline_agnostic_aug_template_5x_1_1_2.py
2021-06-14 12:49:13,333 - mmdet - INFO - Epoch(val) [35][74]	bbox_mAP: 0.0780, bbox_mAP_50: 0.1890, bbox_mAP_75: 0.0480, bbox_mAP_s: 0.0440, bbox_mAP_m: 0.0910, bbox_mAP_l: 0.0900, bbox_mAP_copypaste: 0.078 0.189 0.048 0.044 0.091 0.090
2021-06-14 12:49:44,317 - mmdet - INFO - Epoch [36][50/74]	lr: 2.000e-02, eta: 0:13:06, time: 0.618, data_time: 0.278, memory: 12496, loss_rpn_cls: 0.0584, loss_rpn_bbox: 0.0618, loss_cls: 0.2941, acc: 90.9038, loss_bbox: 0.3362, loss: 0.7504
2021-06-14 12:50:25,246 - mmdet - INFO - Epoch [37][50/74]	lr: 2.000e-02, eta: 0:12:33, time: 0.630, data_time: 0.284, memory: 12496, loss_rpn_cls: 0.0525, loss_rpn_bbox: 0.0620, loss_cls: 0.2741, acc: 91.0142, loss_bbox: 0.3441, loss: 0.7327
2021-06-14 12:51:07,123 - mmdet - INFO - Epoch [38][50/74]	lr: 2.000e-02, eta: 0:12:01, time: 0.639, data_time: 0.292, memory: 12496, loss_rpn_cls: 0.0530, loss_rpn_bbox: 0.0619, loss_cls: 0.2743, acc: 91.0940, loss_bbox: 0.3430, loss: 0.7321
2021-06-14 12:51:49,011 - mmdet - INFO - Epoch [39][50/74]	lr: 2.000e-02, eta: 0:11:28, time: 0.643, data_time: 0.291, memory: 12496, loss_rpn_cls: 0.0478, loss_rpn_bbox: 0.0612, loss_cls: 0.2700, acc: 91.2214, loss_bbox: 0.3337, loss: 0.7127
2021-06-14 12:52:30,998 - mmdet - INFO - Epoch [40][50/74]	lr: 2.000e-02, eta: 0:10:56, time: 0.644, data_time: 0.291, memory: 12496, loss_rpn_cls: 0.0509, loss_rpn_bbox: 0.0623, loss_cls: 0.2740, acc: 91.1360, loss_bbox: 0.3424, loss: 0.7297
2021-06-14 12:54:20,227 - mmdet - INFO - Evaluating bbox...
2021-06-14 12:55:06,092 - mmdet - INFO - Exp name: baseline_agnostic_aug_template_5x_1_1_2.py
2021-06-14 12:55:06,093 - mmdet - INFO - Epoch(val) [40][74]	bbox_mAP: 0.0900, bbox_mAP_50: 0.2070, bbox_mAP_75: 0.0630, bbox_mAP_s: 0.0500, bbox_mAP_m: 0.1070, bbox_mAP_l: 0.1090, bbox_mAP_copypaste: 0.090 0.207 0.063 0.050 0.107 0.109
2021-06-14 12:55:38,396 - mmdet - INFO - Epoch [41][50/74]	lr: 2.000e-03, eta: 0:10:24, time: 0.645, data_time: 0.298, memory: 12496, loss_rpn_cls: 0.0449, loss_rpn_bbox: 0.0587, loss_cls: 0.2491, acc: 91.5701, loss_bbox: 0.3309, loss: 0.6836
2021-06-14 12:56:19,539 - mmdet - INFO - Epoch [42][50/74]	lr: 2.000e-03, eta: 0:09:51, time: 0.632, data_time: 0.281, memory: 12496, loss_rpn_cls: 0.0379, loss_rpn_bbox: 0.0533, loss_cls: 0.2199, acc: 92.4038, loss_bbox: 0.3158, loss: 0.6270
2021-06-14 12:57:02,709 - mmdet - INFO - Epoch [43][50/74]	lr: 2.000e-03, eta: 0:09:19, time: 0.667, data_time: 0.294, memory: 12496, loss_rpn_cls: 0.0396, loss_rpn_bbox: 0.0548, loss_cls: 0.2211, acc: 92.2432, loss_bbox: 0.3200, loss: 0.6355
2021-06-14 12:57:44,815 - mmdet - INFO - Epoch [44][50/74]	lr: 2.000e-03, eta: 0:08:47, time: 0.640, data_time: 0.299, memory: 12496, loss_rpn_cls: 0.0389, loss_rpn_bbox: 0.0541, loss_cls: 0.2154, acc: 92.4619, loss_bbox: 0.3130, loss: 0.6214
2021-06-14 12:58:24,587 - mmdet - INFO - Epoch [45][50/74]	lr: 2.000e-03, eta: 0:08:14, time: 0.611, data_time: 0.267, memory: 12496, loss_rpn_cls: 0.0374, loss_rpn_bbox: 0.0551, loss_cls: 0.2121, acc: 92.5352, loss_bbox: 0.3087, loss: 0.6133
2021-06-14 13:00:13,447 - mmdet - INFO - Evaluating bbox...
2021-06-14 13:00:54,817 - mmdet - INFO - Exp name: baseline_agnostic_aug_template_5x_1_1_2.py
2021-06-14 13:00:54,818 - mmdet - INFO - Epoch(val) [45][74]	bbox_mAP: 0.1160, bbox_mAP_50: 0.2500, bbox_mAP_75: 0.0910, bbox_mAP_s: 0.0590, bbox_mAP_m: 0.1340, bbox_mAP_l: 0.1380, bbox_mAP_copypaste: 0.116 0.250 0.091 0.059 0.134 0.138
2021-06-14 13:01:26,636 - mmdet - INFO - Epoch [46][50/74]	lr: 2.000e-03, eta: 0:07:41, time: 0.635, data_time: 0.284, memory: 12496, loss_rpn_cls: 0.0354, loss_rpn_bbox: 0.0532, loss_cls: 0.2119, acc: 92.6587, loss_bbox: 0.3075, loss: 0.6080
2021-06-14 13:02:08,241 - mmdet - INFO - Epoch [47][50/74]	lr: 2.000e-03, eta: 0:07:09, time: 0.642, data_time: 0.284, memory: 12496, loss_rpn_cls: 0.0402, loss_rpn_bbox: 0.0554, loss_cls: 0.2144, acc: 92.4209, loss_bbox: 0.3185, loss: 0.6285
2021-06-14 13:02:50,482 - mmdet - INFO - Epoch [48][50/74]	lr: 2.000e-03, eta: 0:06:37, time: 0.653, data_time: 0.286, memory: 12496, loss_rpn_cls: 0.0375, loss_rpn_bbox: 0.0555, loss_cls: 0.2126, acc: 92.4065, loss_bbox: 0.3221, loss: 0.6277
2021-06-14 13:03:32,511 - mmdet - INFO - Epoch [49][50/74]	lr: 2.000e-03, eta: 0:06:05, time: 0.641, data_time: 0.289, memory: 12496, loss_rpn_cls: 0.0350, loss_rpn_bbox: 0.0536, loss_cls: 0.2004, acc: 92.8147, loss_bbox: 0.3084, loss: 0.5974
2021-06-14 13:04:13,999 - mmdet - INFO - Epoch [50][50/74]	lr: 2.000e-03, eta: 0:05:32, time: 0.639, data_time: 0.292, memory: 12496, loss_rpn_cls: 0.0388, loss_rpn_bbox: 0.0543, loss_cls: 0.2092, acc: 92.5857, loss_bbox: 0.3136, loss: 0.6159
2021-06-14 13:06:03,375 - mmdet - INFO - Evaluating bbox...
2021-06-14 13:06:42,117 - mmdet - INFO - Exp name: baseline_agnostic_aug_template_5x_1_1_2.py
2021-06-14 13:06:42,118 - mmdet - INFO - Epoch(val) [50][74]	bbox_mAP: 0.1170, bbox_mAP_50: 0.2540, bbox_mAP_75: 0.0940, bbox_mAP_s: 0.0610, bbox_mAP_m: 0.1310, bbox_mAP_l: 0.1400, bbox_mAP_copypaste: 0.117 0.254 0.094 0.061 0.131 0.140
2021-06-14 13:07:14,890 - mmdet - INFO - Epoch [51][50/74]	lr: 2.000e-03, eta: 0:05:00, time: 0.654, data_time: 0.299, memory: 12496, loss_rpn_cls: 0.0354, loss_rpn_bbox: 0.0520, loss_cls: 0.2001, acc: 92.9424, loss_bbox: 0.3016, loss: 0.5892
2021-06-14 13:07:55,316 - mmdet - INFO - Epoch [52][50/74]	lr: 2.000e-03, eta: 0:04:28, time: 0.619, data_time: 0.276, memory: 12496, loss_rpn_cls: 0.0375, loss_rpn_bbox: 0.0552, loss_cls: 0.1996, acc: 92.8523, loss_bbox: 0.3056, loss: 0.5979
2021-06-14 13:08:36,858 - mmdet - INFO - Epoch [53][50/74]	lr: 2.000e-03, eta: 0:03:55, time: 0.639, data_time: 0.285, memory: 12496, loss_rpn_cls: 0.0369, loss_rpn_bbox: 0.0526, loss_cls: 0.1983, acc: 92.9561, loss_bbox: 0.3023, loss: 0.5900
2021-06-14 13:09:19,048 - mmdet - INFO - Epoch [54][50/74]	lr: 2.000e-03, eta: 0:03:23, time: 0.650, data_time: 0.298, memory: 12496, loss_rpn_cls: 0.0342, loss_rpn_bbox: 0.0539, loss_cls: 0.1988, acc: 92.8779, loss_bbox: 0.3091, loss: 0.5959
2021-06-14 13:10:00,609 - mmdet - INFO - Epoch [55][50/74]	lr: 2.000e-03, eta: 0:02:51, time: 0.637, data_time: 0.290, memory: 12496, loss_rpn_cls: 0.0348, loss_rpn_bbox: 0.0524, loss_cls: 0.1924, acc: 93.0447, loss_bbox: 0.2984, loss: 0.5781
2021-06-14 13:11:48,390 - mmdet - INFO - Evaluating bbox...
2021-06-14 13:12:27,186 - mmdet - INFO - Exp name: baseline_agnostic_aug_template_5x_1_1_2.py
2021-06-14 13:12:27,188 - mmdet - INFO - Epoch(val) [55][74]	bbox_mAP: 0.1180, bbox_mAP_50: 0.2540, bbox_mAP_75: 0.0940, bbox_mAP_s: 0.0610, bbox_mAP_m: 0.1370, bbox_mAP_l: 0.1430, bbox_mAP_copypaste: 0.118 0.254 0.094 0.061 0.137 0.143
2021-06-14 13:12:59,591 - mmdet - INFO - Epoch [56][50/74]	lr: 2.000e-04, eta: 0:02:19, time: 0.647, data_time: 0.286, memory: 12496, loss_rpn_cls: 0.0363, loss_rpn_bbox: 0.0538, loss_cls: 0.1945, acc: 92.9500, loss_bbox: 0.3005, loss: 0.5852
2021-06-14 13:13:41,868 - mmdet - INFO - Epoch [57][50/74]	lr: 2.000e-04, eta: 0:01:47, time: 0.648, data_time: 0.297, memory: 12496, loss_rpn_cls: 0.0360, loss_rpn_bbox: 0.0546, loss_cls: 0.1871, acc: 93.2773, loss_bbox: 0.2916, loss: 0.5693
2021-06-14 13:14:22,926 - mmdet - INFO - Epoch [58][50/74]	lr: 2.000e-04, eta: 0:01:14, time: 0.629, data_time: 0.282, memory: 12496, loss_rpn_cls: 0.0363, loss_rpn_bbox: 0.0529, loss_cls: 0.1934, acc: 93.0557, loss_bbox: 0.2979, loss: 0.5805
2021-06-14 13:15:03,605 - mmdet - INFO - Epoch [59][50/74]	lr: 2.000e-04, eta: 0:00:42, time: 0.626, data_time: 0.280, memory: 12496, loss_rpn_cls: 0.0348, loss_rpn_bbox: 0.0531, loss_cls: 0.1885, acc: 93.1746, loss_bbox: 0.2972, loss: 0.5736
2021-06-14 13:15:44,866 - mmdet - INFO - Epoch [60][50/74]	lr: 2.000e-04, eta: 0:00:10, time: 0.637, data_time: 0.286, memory: 12496, loss_rpn_cls: 0.0331, loss_rpn_bbox: 0.0517, loss_cls: 0.1902, acc: 93.1599, loss_bbox: 0.2985, loss: 0.5735
2021-06-14 13:15:54,590 - mmdet - INFO - Saving checkpoint at 60 epochs
2021-06-14 13:17:35,377 - mmdet - INFO - Evaluating bbox...
2021-06-14 13:18:12,909 - mmdet - INFO - Exp name: baseline_agnostic_aug_template_5x_1_1_2.py
2021-06-14 13:18:12,910 - mmdet - INFO - Epoch(val) [60][74]	bbox_mAP: 0.1200, bbox_mAP_50: 0.2560, bbox_mAP_75: 0.0970, bbox_mAP_s: 0.0620, bbox_mAP_m: 0.1380, bbox_mAP_l: 0.1450, bbox_mAP_copypaste: 0.120 0.256 0.097 0.062 0.138 0.145
